0 info it worked if it ends with ok
1 verbose cli [ '/usr/bin/node', '/usr/bin/npm', 'install', 'discord' ]
2 info using npm@1.4.21
3 info using node@v8.11.1
4 warn package.json fflognodediscordbot@1.0.0 No description
5 warn package.json fflognodediscordbot@1.0.0 No repository field.
6 warn package.json fflognodediscordbot@1.0.0 No README data
7 warn package.json setimmediate@1.0.5 No README data
8 warn package.json json-schema@0.2.3 No license field.
9 warn package.json nopt@1.0.10 license should be a valid SPDX license expression
10 warn package.json punycode@2.1.1 punycode is also the name of a node core module.
11 verbose readDependencies using package.json deps
12 verbose cache add [ 'discord', null ]
13 verbose cache add name=undefined spec="discord" args=["discord",null]
14 verbose parsed url Url {
14 verbose parsed url   protocol: null,
14 verbose parsed url   slashes: null,
14 verbose parsed url   auth: null,
14 verbose parsed url   host: null,
14 verbose parsed url   port: null,
14 verbose parsed url   hostname: null,
14 verbose parsed url   hash: null,
14 verbose parsed url   search: null,
14 verbose parsed url   query: null,
14 verbose parsed url   pathname: 'discord',
14 verbose parsed url   path: 'discord',
14 verbose parsed url   href: 'discord' }
15 silly lockFile c94456d2-discord discord
16 verbose lock discord /home/pi/.npm/c94456d2-discord.lock
17 silly lockFile c94456d2-discord discord
18 silly lockFile c94456d2-discord discord
19 verbose addNamed [ 'discord', '' ]
20 verbose addNamed [ null, '*' ]
21 silly lockFile a62ff5cb-discord discord@
22 verbose lock discord@ /home/pi/.npm/a62ff5cb-discord.lock
23 silly addNameRange { name: 'discord', range: '*', hasData: false }
24 verbose request where is /discord
25 verbose request registry https://registry.npmjs.org/
26 verbose request id dd76c8479bf3216b
27 verbose url raw /discord
28 verbose url resolving [ 'https://registry.npmjs.org/', './discord' ]
29 verbose url resolved https://registry.npmjs.org/discord
30 verbose request where is https://registry.npmjs.org/discord
31 info trying registry request attempt 1 at 오후 1:54:30
32 http GET https://registry.npmjs.org/discord
33 http 200 https://registry.npmjs.org/discord
34 silly registry.get cb [ 200,
34 silly registry.get   { date: 'Fri, 24 Jul 2020 04:54:31 GMT',
34 silly registry.get     'content-type': 'application/json; charset=UTF-8',
34 silly registry.get     'transfer-encoding': 'chunked',
34 silly registry.get     connection: 'close',
34 silly registry.get     'set-cookie':
34 silly registry.get      [ '__cfduid=d136ed0dca432b1897ca7f7493eb4468a1595566470; expires=Sun, 23-Aug-20 04:54:30 GMT; path=/; domain=.npmjs.org; HttpOnly; SameSite=Lax' ],
34 silly registry.get     'cf-ray': '5b7b0b2b584aa1dd-ICN',
34 silly registry.get     'cache-control': 'public, max-age=300',
34 silly registry.get     etag: 'W/"e4fd3a6ff5664ac31fa0e0908ead5358"',
34 silly registry.get     'last-modified': 'Sat, 26 May 2018 22:10:47 GMT',
34 silly registry.get     vary: 'accept-encoding, accept',
34 silly registry.get     'cf-cache-status': 'REVALIDATED',
34 silly registry.get     'cf-request-id': '0420c54f130000a1dd309eb200000001',
34 silly registry.get     'expect-ct': 'max-age=604800, report-uri="https://report-uri.cloudflare.com/cdn-cgi/beacon/expect-ct"',
34 silly registry.get     server: 'cloudflare',
34 silly registry.get     'content-encoding': 'gzip' } ]
35 silly addNameRange number 2 { name: 'discord', range: '*', hasData: true }
36 silly addNameRange versions [ 'discord',
36 silly addNameRange   [ '0.4.0',
36 silly addNameRange     '0.5.0',
36 silly addNameRange     '0.6.0',
36 silly addNameRange     '0.6.1',
36 silly addNameRange     '0.6.2',
36 silly addNameRange     '0.6.3',
36 silly addNameRange     '0.7.1',
36 silly addNameRange     '0.6.4',
36 silly addNameRange     '0.8.0',
36 silly addNameRange     '0.8.2' ] ]
37 verbose addNamed [ 'discord', '0.8.2' ]
38 verbose addNamed [ '0.8.2', '0.8.2' ]
39 silly lockFile 14d85670-discord-0-8-2 discord@0.8.2
40 verbose lock discord@0.8.2 /home/pi/.npm/14d85670-discord-0-8-2.lock
41 silly lockFile 6382d45d-js-org-discord-discord-0-8-2-tgz https://registry.npmjs.org/discord/-/discord-0.8.2.tgz
42 verbose lock https://registry.npmjs.org/discord/-/discord-0.8.2.tgz /home/pi/.npm/6382d45d-js-org-discord-discord-0-8-2-tgz.lock
43 verbose addRemoteTarball [ 'https://registry.npmjs.org/discord/-/discord-0.8.2.tgz',
43 verbose addRemoteTarball   '8cb3ebf9f2e90594554d0c3734c99af87bb0b770' ]
44 info retry fetch attempt 1 at 오후 1:54:31
45 verbose fetch to= /tmp/npm-4683-YLXCP1vH/registry.npmjs.org/discord/-/discord-0.8.2.tgz
46 http GET https://registry.npmjs.org/discord/-/discord-0.8.2.tgz
47 http 200 https://registry.npmjs.org/discord/-/discord-0.8.2.tgz
48 silly lockFile 6382d45d-js-org-discord-discord-0-8-2-tgz https://registry.npmjs.org/discord/-/discord-0.8.2.tgz
49 silly lockFile 6382d45d-js-org-discord-discord-0-8-2-tgz https://registry.npmjs.org/discord/-/discord-0.8.2.tgz
50 silly lockFile 14d85670-discord-0-8-2 discord@0.8.2
51 silly lockFile 14d85670-discord-0-8-2 discord@0.8.2
52 silly lockFile a62ff5cb-discord discord@
53 silly lockFile a62ff5cb-discord discord@
54 silly resolved [ { name: 'discord',
54 silly resolved     description: 'A LP/Discworld inspired MUD server running on Node.JS and MooTools.',
54 silly resolved     version: '0.8.2',
54 silly resolved     repository:
54 silly resolved      { type: 'git',
54 silly resolved        url: 'git://github.com/yuffster/discord-engine.git' },
54 silly resolved     dependencies:
54 silly resolved      { mootools: '>=1.4.4',
54 silly resolved        describe: '>=0.8.0',
54 silly resolved        'string-color': '>=0.8.0',
54 silly resolved        glob: '>3.0.1' },
54 silly resolved     author: { name: 'Michelle Steigerwalt' },
54 silly resolved     scripts: { test: 'node ./tests/run_tests.js', start: 'node server.js' },
54 silly resolved     main: 'server.js',
54 silly resolved     _npmUser: { name: 'yuffster', email: 'msteigerwalt@gmail.com' },
54 silly resolved     _id: 'discord@0.8.2',
54 silly resolved     devDependencies: {},
54 silly resolved     optionalDependencies: {},
54 silly resolved     engines: { node: '*' },
54 silly resolved     _engineSupported: true,
54 silly resolved     _npmVersion: '1.1.0-3',
54 silly resolved     _nodeVersion: 'v0.6.9',
54 silly resolved     _defaultsLoaded: true,
54 silly resolved     dist:
54 silly resolved      { shasum: '8cb3ebf9f2e90594554d0c3734c99af87bb0b770',
54 silly resolved        tarball: 'https://registry.npmjs.org/discord/-/discord-0.8.2.tgz' },
54 silly resolved     maintainers: [ [Object] ],
54 silly resolved     directories: {},
54 silly resolved     _shasum: '8cb3ebf9f2e90594554d0c3734c99af87bb0b770',
54 silly resolved     _from: 'discord@',
54 silly resolved     _resolved: 'https://registry.npmjs.org/discord/-/discord-0.8.2.tgz' } ]
55 info install discord@0.8.2 into /home/pi/workplace/FFcord
56 info installOne discord@0.8.2
57 verbose node_modules/discord unbuild
58 verbose tar unpack /home/pi/.npm/discord/0.8.2/package.tgz
59 silly lockFile f014b2ed-lace-FFcord-node-modules-discord tar:///home/pi/workplace/FFcord/node_modules/discord
60 verbose lock tar:///home/pi/workplace/FFcord/node_modules/discord /home/pi/.npm/f014b2ed-lace-FFcord-node-modules-discord.lock
61 silly lockFile 1117105c-pi-npm-discord-0-8-2-package-tgz tar:///home/pi/.npm/discord/0.8.2/package.tgz
62 verbose lock tar:///home/pi/.npm/discord/0.8.2/package.tgz /home/pi/.npm/1117105c-pi-npm-discord-0-8-2-package-tgz.lock
63 silly gunzTarPerm modes [ '755', '644' ]
64 error tar.unpack untar error /home/pi/.npm/discord/0.8.2/package.tgz
65 silly lockFile f014b2ed-lace-FFcord-node-modules-discord tar:///home/pi/workplace/FFcord/node_modules/discord
66 silly lockFile f014b2ed-lace-FFcord-node-modules-discord tar:///home/pi/workplace/FFcord/node_modules/discord
67 silly lockFile 1117105c-pi-npm-discord-0-8-2-package-tgz tar:///home/pi/.npm/discord/0.8.2/package.tgz
68 silly lockFile 1117105c-pi-npm-discord-0-8-2-package-tgz tar:///home/pi/.npm/discord/0.8.2/package.tgz
69 verbose node_modules/discord unbuild
70 error Error: EACCES: permission denied, mkdir '/home/pi/workplace/FFcord/node_modules/discord'
70 error  { Error: EACCES: permission denied, mkdir '/home/pi/workplace/FFcord/node_modules/discord'
70 error   errno: -13,
70 error   code: 'EACCES',
70 error   syscall: 'mkdir',
70 error   path: '/home/pi/workplace/FFcord/node_modules/discord',
70 error   fstream_type: 'Directory',
70 error   fstream_path: '/home/pi/workplace/FFcord/node_modules/discord',
70 error   fstream_class: 'DirWriter',
70 error   fstream_stack:
70 error    [ '/usr/lib/nodejs/fstream/lib/dir-writer.js:35:25',
70 error      '/usr/lib/nodejs/mkdirp/index.js:46:53',
70 error      'FSReqWrap.oncomplete (fs.js:152:21)' ] }
71 error Please try running this command again as root/Administrator.
72 error System Linux 4.19.66-v7+
73 error command "/usr/bin/node" "/usr/bin/npm" "install" "discord"
74 error cwd /home/pi/workplace/FFcord
75 error node -v v8.11.1
76 error npm -v 1.4.21
77 error path /home/pi/workplace/FFcord/node_modules/discord
78 error syscall mkdir
79 error fstream_path /home/pi/workplace/FFcord/node_modules/discord
80 error fstream_type Directory
81 error fstream_class DirWriter
82 error code EACCES
83 error errno -13
84 error stack Error: EACCES: permission denied, mkdir '/home/pi/workplace/FFcord/node_modules/discord'
85 error fstream_stack /usr/lib/nodejs/fstream/lib/dir-writer.js:35:25
85 error fstream_stack /usr/lib/nodejs/mkdirp/index.js:46:53
85 error fstream_stack FSReqWrap.oncomplete (fs.js:152:21)
86 verbose exit [ -13, true ]
